<?xml version="1.0" encoding="UTF-8"?>
<testng-results ignored="0" total="1" passed="1" failed="0" skipped="0">
  <reporter-output>
  </reporter-output>
  <suite started-at="2021-04-12T17:28:52 IST" name="Default suite" finished-at="2021-04-12T17:28:52 IST" duration-ms="52">
    <groups>
    </groups>
    <test started-at="2021-04-12T17:28:52 IST" name="Default test" finished-at="2021-04-12T17:28:52 IST" duration-ms="52">
      <class name="com.RTProject2.LoginTest">
        <test-method signature="loginNavigate(java.lang.String, java.lang.String)[pri:0, instance:com.RTProject2.LoginTest@3943a2be]" started-at="2021-04-12T17:28:52 IST" name="loginNavigate" finished-at="2021-04-12T17:28:52 IST" duration-ms="10" status="PASS">
          <params>
            <param index="0">
              <value>
                <![CDATA[mngr319520]]>
              </value>
            </param>
            <param index="1">
              <value>
                <![CDATA[vAzUvEg]]>
              </value>
            </param>
          </params>
          <reporter-output>
          </reporter-output>
        </test-method> <!-- loginNavigate -->
      </class> <!-- com.RTProject2.LoginTest -->
    </test> <!-- Default test -->
  </suite> <!-- Default suite -->
</testng-results>
